16/05/2024 19:51:40 C:/Users/lucas/OneDrive/Área de Trabalho/FATEC/Projeto_TCC/TCC_mariposas/Projeto_Mariposas/Assets
16/05/2024 19:54:39 C:/Users/lucas/OneDrive/Área de Trabalho/FATEC/Projeto_TCC/TCC_mariposas/Projeto_Mariposas/Assets/DIAG_BPT.txt
16/05/2024 19:54:39 C:/Users/lucas/OneDrive/Área de Trabalho/FATEC/Projeto_TCC/TCC_mariposas/Projeto_Mariposas/Assets
18/05/2024 18:40:35 DIAG_BPT.txt
18/05/2024 18:57:24 Motenoia_Data/DIAG_BPT.txt
18/05/2024 18:57:24 C:/Users/lucas/OneDrive/Área de Trabalho/FATEC/Projeto_TCC/TCC_mariposas/Projeto_Mariposas/Assets
19/05/2024 02:58:33 C:/Users/lucas/OneDrive/Área de Trabalho/FATEC/Projeto_TCC/TCC_mariposas/Projeto_Mariposas/AssetsDIAG_BPT.txt
19/05/2024 02:58:33 C:/Users/lucas/OneDrive/Área de Trabalho/FATEC/Projeto_TCC/TCC_mariposas/Projeto_Mariposas/Assets
19/05/2024 11:17:10 C:/Users/lucas/OneDrive/Área de Trabalho/FATEC/Projeto_TCC/TCC_mariposas/Projeto_Mariposas/AssetsDIAG_BPT.txt
19/05/2024 11:17:10 C:/Users/lucas/OneDrive/Área de Trabalho/FATEC/Projeto_TCC/TCC_mariposas/Projeto_Mariposas/Assets
19/05/2024 11:18:13 C:/Users/lucas/OneDrive/Área de Trabalho/FATEC/Projeto_TCC/TCC_mariposas/Projeto_Mariposas/AssetsDIAG_BPT.txt
19/05/2024 11:18:13 C:/Users/lucas/OneDrive/Área de Trabalho/FATEC/Projeto_TCC/TCC_mariposas/Projeto_Mariposas/Assets
19/05/2024 11:18:46 C:/Users/lucas/OneDrive/Área de Trabalho/FATEC/Projeto_TCC/TCC_mariposas/Projeto_Mariposas/Assets/DIAG_BPT.txt
19/05/2024 11:18:46 C:/Users/lucas/OneDrive/Área de Trabalho/FATEC/Projeto_TCC/TCC_mariposas/Projeto_Mariposas/Assets
20/05/2024 02:17:36 C:/Users/lucas/OneDrive/Área de Trabalho/FATEC/Projeto_TCC/TCC_mariposas/Projeto_Mariposas/Assets/DIAG_BPT.txt
20/05/2024 02:17:36 C:/Users/lucas/OneDrive/Área de Trabalho/FATEC/Projeto_TCC/TCC_mariposas/Projeto_Mariposas/Assets
20/05/2024 02:22:41 C:/Users/lucas/OneDrive/Área de Trabalho/FATEC/Projeto_TCC/TCC_mariposas/Projeto_Mariposas/Assets/DIAG_BPT.txt
20/05/2024 02:22:41 C:/Users/lucas/OneDrive/Área de Trabalho/FATEC/Projeto_TCC/TCC_mariposas/Projeto_Mariposas/Assets
20/05/2024 02:24:56 C:/Users/lucas/OneDrive/Área de Trabalho/FATEC/Projeto_TCC/TCC_mariposas/Projeto_Mariposas/Assets/DIAG_BPT.txt
20/05/2024 02:24:56 C:/Users/lucas/OneDrive/Área de Trabalho/FATEC/Projeto_TCC/TCC_mariposas/Projeto_Mariposas/Assets
20/05/2024 02:29:04 C:/Users/lucas/OneDrive/Área de Trabalho/FATEC/Projeto_TCC/TCC_mariposas/Projeto_Mariposas/Assets/DIAG_BPT.txt
20/05/2024 02:29:04 C:/Users/lucas/OneDrive/Área de Trabalho/FATEC/Projeto_TCC/TCC_mariposas/Projeto_Mariposas/Assets
20/05/2024 15:47:30 C:/Users/lucas/OneDrive/Área de Trabalho/FATEC/Projeto_TCC/TCC_mariposas/Projeto_Mariposas/Assets/DIAG_BPT.txt
20/05/2024 15:47:30 C:/Users/lucas/OneDrive/Área de Trabalho/FATEC/Projeto_TCC/TCC_mariposas/Projeto_Mariposas/Assets
